Using pre-set license
Built from '2020.3/staging' branch; Version is '2020.3.4f1 (0abb6314276a) revision 703331'; Using compiler version '192528614'; Build Type 'Release'
OS: 'Windows 10 Pro; OS build 19043.1348; Version 2009; 64bit' Language: 'fr' Physical Memory: 16224 MB
BatchMode: 1, IsHumanControllingUs: 0, StartBugReporterOnCrash: 0, Is64bit: 1, IsPro: 0

 COMMAND LINE ARGUMENTS:
C:\Program Files\Unity\Hub\Editor\2020.3.4f1\Editor\Unity.exe
-adb2
-batchMode
-noUpm
-name
AssetImportWorker0
-projectPath
C:/Users/maxim/Desktop/hackathon/crop-o-sphere/crop-o-sphere
-logFile
Logs/AssetImportWorker0.log
-srvPort
61410
Successfully changed project path to: C:/Users/maxim/Desktop/hackathon/crop-o-sphere/crop-o-sphere
C:/Users/maxim/Desktop/hackathon/crop-o-sphere/crop-o-sphere
Using Asset Import Pipeline V2.
Refreshing native plugins compatible for Editor in 25.11 ms, found 0 plugins.
Preloading 0 native plugins for Editor in 0.00 ms.
Initialize engine version: 2020.3.4f1 (0abb6314276a)
[Subsystems] Discovering subsystems at path C:/Program Files/Unity/Hub/Editor/2020.3.4f1/Editor/Data/Resources/UnitySubsystems
[Subsystems] Discovering subsystems at path C:/Users/maxim/Desktop/hackathon/crop-o-sphere/crop-o-sphere/Assets
GfxDevice: creating device client; threaded=0
Direct3D:
    Version:  Direct3D 11.0 [level 11.1]
    Renderer: NVIDIA GeForce GTX 1650 with Max-Q Design (ID=0x1f91)
    Vendor:   
    VRAM:     3964 MB
    Driver:   27.21.14.6627
Initialize mono
Mono path[0] = 'C:/Program Files/Unity/Hub/Editor/2020.3.4f1/Editor/Data/Managed'
Mono path[1] = 'C:/Program Files/Unity/Hub/Editor/2020.3.4f1/Editor/Data/MonoBleedingEdge/lib/mono/unityjit'
Mono config path = 'C:/Program Files/Unity/Hub/Editor/2020.3.4f1/Editor/Data/MonoBleedingEdge/etc'
Using monoOptions --debugger-agent=transport=dt_socket,embedding=1,server=y,suspend=n,address=127.0.0.1:56116
Begin MonoManager ReloadAssembly
Registering precompiled unity dll's ...
Register platform support module: C:/Program Files/Unity/Hub/Editor/2020.3.4f1/Editor/Data/PlaybackEngines/MacStandaloneSupport/UnityEditor.OSXStandalone.Extensions.dll
Register platform support module: C:/Program Files/Unity/Hub/Editor/2020.3.4f1/Editor/Data/PlaybackEngines/WindowsStandaloneSupport/UnityEditor.WindowsStandalone.Extensions.dll
Register platform support module: C:/Program Files/Unity/Hub/Editor/2020.3.4f1/Editor/Data/PlaybackEngines/LinuxStandaloneSupport/UnityEditor.LinuxStandalone.Extensions.dll
Registered in 0.003613 seconds.
Native extension for LinuxStandalone target not found
Native extension for WindowsStandalone target not found
Native extension for OSXStandalone target not found
Refreshing native plugins compatible for Editor in 25.71 ms, found 0 plugins.
Preloading 0 native plugins for Editor in 0.00 ms.
Mono: successfully reloaded assembly
- Completed reload, in  1.671 seconds
Platform modules already initialized, skipping
Registering precompiled user dll's ...
Registered in 0.000829 seconds.
Begin MonoManager ReloadAssembly
Native extension for LinuxStandalone target not found
Native extension for WindowsStandalone target not found
Native extension for OSXStandalone target not found
Refreshing native plugins compatible for Editor in 0.20 ms, found 0 plugins.
Preloading 0 native plugins for Editor in 0.00 ms.
Mono: successfully reloaded assembly
- Completed reload, in  0.915 seconds
Platform modules already initialized, skipping
========================================================================
Worker process is ready to serve import requests
Launched and connected shader compiler UnityShaderCompiler.exe after 0.06 seconds
Refreshing native plugins compatible for Editor in 0.23 ms, found 0 plugins.
Preloading 0 native plugins for Editor in 0.00 ms.
Unloading 1115 Unused Serialized files (Serialized files now loaded: 0)
System memory in use before: 57.1 MB.
System memory in use after: 57.1 MB.

Unloading 10 unused Assets to reduce memory usage. Loaded Objects now: 1557.
Total: 2.455100 ms (FindLiveObjects: 0.319600 ms CreateObjectMapping: 0.181400 ms MarkObjects: 1.806200 ms  DeleteObjects: 0.146400 ms)

========================================================================
Received Import Request.
  path: Assets/Scenes
  artifactKey: Guid(c0971a1aa175b074bab7b008e8610efc) Importer(815301076,1909f56bfc062723c751e8b465ee728b)
Start importing Assets/Scenes using Guid(c0971a1aa175b074bab7b008e8610efc) Importer(815301076,1909f56bfc062723c751e8b465ee728b)  -> (artifact id: '135f5b74dbc475127f2ffdcb38cb5af2') in 0.014129 seconds
  Import took 0.016234 seconds .

========================================================================
Received Import Request.
  Time since last request: 0.126758 seconds.
  path: Assets
  artifactKey: Guid(00000000000000001000000000000000) Importer(815301076,1909f56bfc062723c751e8b465ee728b)
Start importing Assets using Guid(00000000000000001000000000000000) Importer(815301076,1909f56bfc062723c751e8b465ee728b)  -> (artifact id: '025e4f587c23674256bb898581e82961') in 0.013598 seconds
  Import took 0.016863 seconds .

========================================================================
Received Import Request.
  Time since last request: 6.050126 seconds.
  path: Assets/Sky
  artifactKey: Guid(90436043da82c6644b0a1aaf0227e01f) Importer(815301076,1909f56bfc062723c751e8b465ee728b)
Start importing Assets/Sky using Guid(90436043da82c6644b0a1aaf0227e01f) Importer(815301076,1909f56bfc062723c751e8b465ee728b)  -> (artifact id: 'b9f8b13ac3aa63d6af2834a8ce554028') in 0.014259 seconds
  Import took 0.016765 seconds .

========================================================================
Received Import Request.
  Time since last request: 5.722569 seconds.
  path: Assets/Materials
  artifactKey: Guid(635a0cb015d7cfa409af5122deedf064) Importer(815301076,1909f56bfc062723c751e8b465ee728b)
Start importing Assets/Materials using Guid(635a0cb015d7cfa409af5122deedf064) Importer(815301076,1909f56bfc062723c751e8b465ee728b)  -> (artifact id: '545a435931026c89b0ef81c847e2c0ef') in 0.015699 seconds
  Import took 0.020453 seconds .

========================================================================
Received Import Request.
  Time since last request: 6.573660 seconds.
  path: Assets/Textures
  artifactKey: Guid(2c7dda69e714312438e69dcf11ab04a8) Importer(815301076,1909f56bfc062723c751e8b465ee728b)
Start importing Assets/Textures using Guid(2c7dda69e714312438e69dcf11ab04a8) Importer(815301076,1909f56bfc062723c751e8b465ee728b)  -> (artifact id: '3cab54b0f33cc1e376f996f0434464e2') in 0.011578 seconds
  Import took 0.013950 seconds .

========================================================================
Received Import Request.
  Time since last request: 14.472061 seconds.
  path: Assets/Sky/New Material.mat
  artifactKey: Guid(44ff7fd966cb5c3489ba68fb9fe5ed25) Importer(815301076,1909f56bfc062723c751e8b465ee728b)
Start importing Assets/Sky/New Material.mat using Guid(44ff7fd966cb5c3489ba68fb9fe5ed25) Importer(815301076,1909f56bfc062723c751e8b465ee728b)  -> (artifact id: 'e91d1f5f90dbe070a088b52caab28f88') in 0.281264 seconds
  Import took 0.284837 seconds .

========================================================================
Received Import Request.
  Time since last request: 52.614906 seconds.
  path: Assets/Sky/BlackSky.mat
  artifactKey: Guid(44ff7fd966cb5c3489ba68fb9fe5ed25) Importer(815301076,1909f56bfc062723c751e8b465ee728b)
Start importing Assets/Sky/BlackSky.mat using Guid(44ff7fd966cb5c3489ba68fb9fe5ed25) Importer(815301076,1909f56bfc062723c751e8b465ee728b)  -> (artifact id: '77d033dde53371b7a2ad5465f410502c') in 0.021770 seconds
  Import took 0.024363 seconds .

AssetImportWorkerClient::OnTransportError - code=2 error=End of file
